<?xml version="1.0" encoding="UTF-8"?>
<!-- Generated by org.testng.reporters.JUnitXMLReporter -->
<testsuite ignored="0" hostname="Ponkarthikas-MacBook-Air.local" failures="0" tests="5" name="Amazon app test cases" time="0.134" errors="0" timestamp="2022-07-22T04:37:59 IST">
  <testcase classname="com.amazon.qa.test.LoginPageTest" name="@BeforeMethod setup" time="0.01">
    <failure type="java.lang.NullPointerException" message="Cannot invoke &amp;quot;String.equals(Object)&amp;quot; because &amp;quot;browserName&amp;quot; is null">
      <![CDATA[java.lang.NullPointerException: Cannot invoke "String.equals(Object)" because "browserName" is null
at com.amazon.qa.base.TestBase.initialization(TestBase.java:40)
at com.amazon.qa.test.LoginPageTest.setup(LoginPageTest.java:23)
at java.base/java.util.ArrayList.forEach(ArrayList.java:1511)
... Removed 29 stack frames]]>
    </failure>
  </testcase> <!-- @BeforeMethod setup -->
  <testcase classname="com.amazon.qa.test.LoginPageTest" name="@AfterMethod teardown" time="0.0">
    <skipped/>
  </testcase> <!-- @AfterMethod teardown -->
  <testcase classname="com.amazon.qa.test.LoginPageTest" name="@BeforeMethod setup" time="0.0">
    <skipped/>
  </testcase> <!-- @BeforeMethod setup -->
  <testcase classname="com.amazon.qa.test.LoginPageTest" name="@AfterMethod teardown" time="0.0">
    <skipped/>
  </testcase> <!-- @AfterMethod teardown -->
  <testcase classname="com.amazon.qa.test.HomePageTest" name="@BeforeMethod setup" time="0.001">
    <failure type="java.lang.NullPointerException" message="Cannot invoke &amp;quot;String.equals(Object)&amp;quot; because &amp;quot;browserName&amp;quot; is null">
      <![CDATA[java.lang.NullPointerException: Cannot invoke "String.equals(Object)" because "browserName" is null
at com.amazon.qa.base.TestBase.initialization(TestBase.java:40)
at com.amazon.qa.test.HomePageTest.setup(HomePageTest.java:24)
at java.base/java.util.ArrayList.forEach(ArrayList.java:1511)
... Removed 29 stack frames]]>
    </failure>
  </testcase> <!-- @BeforeMethod setup -->
  <testcase classname="com.amazon.qa.test.HomePageTest" name="@AfterMethod teardown" time="0.0">
    <skipped/>
  </testcase> <!-- @AfterMethod teardown -->
  <testcase classname="com.amazon.qa.test.HomePageTest" name="@BeforeMethod setup" time="0.0">
    <skipped/>
  </testcase> <!-- @BeforeMethod setup -->
  <testcase classname="com.amazon.qa.test.HomePageTest" name="@AfterMethod teardown" time="0.0">
    <skipped/>
  </testcase> <!-- @AfterMethod teardown -->
  <testcase classname="com.amazon.qa.test.HomePageTest" name="@BeforeMethod setup" time="0.0">
    <skipped/>
  </testcase> <!-- @BeforeMethod setup -->
  <testcase classname="com.amazon.qa.test.HomePageTest" name="@AfterMethod teardown" time="0.0">
    <skipped/>
  </testcase> <!-- @AfterMethod teardown -->
  <testcase classname="com.amazon.qa.test.LoginPageTest" name="loginTest" time="0.0">
    <skipped/>
  </testcase> <!-- loginTest -->
  <testcase classname="com.amazon.qa.test.LoginPageTest" name="validateHomPageTitle" time="0.0">
    <skipped/>
  </testcase> <!-- validateHomPageTitle -->
  <testcase classname="com.amazon.qa.test.HomePageTest" name="verifyHomePageTitleTest" time="0.0">
    <skipped/>
  </testcase> <!-- verifyHomePageTitleTest -->
  <testcase classname="com.amazon.qa.test.HomePageTest" name="verifyUserLabelTest" time="0.0">
    <skipped/>
  </testcase> <!-- verifyUserLabelTest -->
  <testcase classname="com.amazon.qa.test.HomePageTest" name="verifyFreshLinkTest" time="0.0">
    <skipped/>
  </testcase> <!-- verifyFreshLinkTest -->
</testsuite> <!-- Amazon app test cases -->
